{
  "stats": {
    "suites": 4,
    "tests": 3,
    "passes": 3,
    "pending": 0,
    "failures": 0,
    "start": "2022-01-06T02:01:59.761Z",
    "end": "2022-01-06T02:02:03.702Z",
    "duration": 3941,
    "testsRegistered": 3,
    "passPercent": 100,
    "pendingPercent": 0,
    "other": 0,
    "hasOther": false,
    "skipped": 0,
    "hasSkipped": false
  },
  "results": [
    {
      "uuid": "9c842727-06d7-479a-94e3-344ade2267af",
      "title": "",
      "fullFile": "cypress/integration/Users/DELETEusers.js",
      "file": "cypress/integration/Users/DELETEusers.js",
      "beforeHooks": [],
      "afterHooks": [],
      "tests": [],
      "suites": [
        {
          "uuid": "309d71c2-a1be-4b47-af35-8908549f68ac",
          "title": "Given User API",
          "fullFile": "",
          "file": "",
          "beforeHooks": [],
          "afterHooks": [],
          "tests": [],
          "suites": [
            {
              "uuid": "4accdf49-4f71-4efd-ac5f-f8439b398db0",
              "title": "When I send DELETE /user passing an userID as an URL param",
              "fullFile": "",
              "file": "",
              "beforeHooks": [],
              "afterHooks": [],
              "tests": [
                {
                  "title": "Then the user should be deleted from the API",
                  "fullTitle": "Given User API When I send DELETE /user passing an userID as an URL param Then the user should be deleted from the API",
                  "timedOut": null,
                  "duration": 3026,
                  "state": "passed",
                  "speed": "fast",
                  "pass": true,
                  "fail": false,
                  "pending": false,
                  "context": null,
                  "code": "cy.request({\n  method: 'delete',\n  url: 'https://gorest.co.in/public/v1/users/' + userToDelete.id,\n  headers: {\n    'Authorization': 'Bearer ' + Cypress.env('accessToken'),\n    'Accept': 'application/json',\n    'Content-Type': 'application/json'\n  }\n}).then(res => {\n  expect(res.status).to.eq(204);\n  cy.log(JSON.stringify(res.body));\n  expect(res.body.data).to.eq(undefined);\n});",
                  "err": {},
                  "uuid": "773eecf5-0002-4195-9598-8ebabec9018f",
                  "parentUUID": "4accdf49-4f71-4efd-ac5f-f8439b398db0",
                  "isHook": false,
                  "skipped": false
                }
              ],
              "suites": [],
              "passes": [
                "773eecf5-0002-4195-9598-8ebabec9018f"
              ],
              "failures": [],
              "pending": [],
              "skipped": [],
              "duration": 3026,
              "root": false,
              "rootEmpty": false,
              "_timeout": 2000
            },
            {
              "uuid": "3483bd6e-212b-4128-b875-3dea940a74c5",
              "title": "When I send DELETE /user without access token",
              "fullFile": "",
              "file": "",
              "beforeHooks": [],
              "afterHooks": [],
              "tests": [
                {
                  "title": "Then it should return an auth error",
                  "fullTitle": "Given User API When I send DELETE /user without access token Then it should return an auth error",
                  "timedOut": null,
                  "duration": 459,
                  "state": "passed",
                  "speed": "fast",
                  "pass": true,
                  "fail": false,
                  "pending": false,
                  "context": null,
                  "code": "var accessToken = '';\ncy.request({\n  method: 'delete',\n  url: 'https://gorest.co.in/public/v1/users/' + userToDelete.id,\n  headers: {\n    'Authorization': 'Bearer ',\n    'Accept': 'application/json',\n    'Content-Type': 'application/json'\n  },\n  failOnStatusCode: false\n}).then(res => {\n  cy.log(JSON.stringify(res.body));\n  expect(res.status).to.eq(404);\n  expect(res.body.data.message).to.eq('Resource not found');\n});",
                  "err": {},
                  "uuid": "d52cd561-97d8-4073-ab0b-7a2e649ee823",
                  "parentUUID": "3483bd6e-212b-4128-b875-3dea940a74c5",
                  "isHook": false,
                  "skipped": false
                }
              ],
              "suites": [],
              "passes": [
                "d52cd561-97d8-4073-ab0b-7a2e649ee823"
              ],
              "failures": [],
              "pending": [],
              "skipped": [],
              "duration": 459,
              "root": false,
              "rootEmpty": false,
              "_timeout": 2000
            },
            {
              "uuid": "75e56bfa-cc26-496d-b9a4-ab685f7c5152",
              "title": "When I send DELETE /user passing an userID that doesnt exist or was already deleted as an URL param",
              "fullFile": "",
              "file": "",
              "beforeHooks": [],
              "afterHooks": [],
              "tests": [
                {
                  "title": "Then it should return an message informing that the user was not found",
                  "fullTitle": "Given User API When I send DELETE /user passing an userID that doesnt exist or was already deleted as an URL param Then it should return an message informing that the user was not found",
                  "timedOut": null,
                  "duration": 402,
                  "state": "passed",
                  "speed": "fast",
                  "pass": true,
                  "fail": false,
                  "pending": false,
                  "context": null,
                  "code": "cy.request({\n  method: 'delete',\n  url: 'https://gorest.co.in/public/v1/users/' + userToDelete.id,\n  headers: {\n    'Authorization': 'Bearer ' + Cypress.env('accessToken'),\n    'Accept': 'application/json',\n    'Content-Type': 'application/json'\n  },\n  failOnStatusCode: false\n}).then(res => {\n  cy.log(JSON.stringify(res.body));\n  expect(res.status).to.eq(404);\n  expect(res.body.data.message).to.eq('Resource not found');\n});",
                  "err": {},
                  "uuid": "5184af3b-2953-4513-b02c-9d016c6e3167",
                  "parentUUID": "75e56bfa-cc26-496d-b9a4-ab685f7c5152",
                  "isHook": false,
                  "skipped": false
                }
              ],
              "suites": [],
              "passes": [
                "5184af3b-2953-4513-b02c-9d016c6e3167"
              ],
              "failures": [],
              "pending": [],
              "skipped": [],
              "duration": 402,
              "root": false,
              "rootEmpty": false,
              "_timeout": 2000
            }
          ],
          "passes": [],
          "failures": [],
          "pending": [],
          "skipped": [],
          "duration": 0,
          "root": false,
          "rootEmpty": false,
          "_timeout": 2000
        }
      ],
      "passes": [],
      "failures": [],
      "pending": [],
      "skipped": [],
      "duration": 0,
      "root": true,
      "rootEmpty": true,
      "_timeout": 2000
    }
  ],
  "meta": {
    "mocha": {
      "version": "7.0.1"
    },
    "mochawesome": {
      "options": {
        "quiet": false,
        "reportFilename": "mochawesome",
        "saveHtml": false,
        "saveJson": true,
        "consoleReporter": "spec",
        "useInlineDiffs": false,
        "code": true
      },
      "version": "7.0.1"
    },
    "marge": {
      "options": {
        "charts": true,
        "overwrite": false,
        "html": false,
        "json": true,
        "reportDir": "cypress/report/mochawesome-report"
      },
      "version": "6.0.1"
    }
  }
}