{
  "stats": {
    "suites": 5,
    "tests": 10,
    "passes": 10,
    "pending": 0,
    "failures": 0,
    "start": "2022-01-05T02:46:59.727Z",
    "end": "2022-01-05T02:47:04.884Z",
    "duration": 5157,
    "testsRegistered": 10,
    "passPercent": 100,
    "pendingPercent": 0,
    "other": 0,
    "hasOther": false,
    "skipped": 0,
    "hasSkipped": false
  },
  "results": [
    {
      "uuid": "fd83face-c894-4679-828a-a0d15b0a559e",
      "title": "",
      "fullFile": "cypress/integration/Users/UPDATEuser.js",
      "file": "cypress/integration/Users/UPDATEuser.js",
      "beforeHooks": [],
      "afterHooks": [],
      "tests": [],
      "suites": [
        {
          "uuid": "c10a42d1-e555-4d37-9a11-f298bbbe34a4",
          "title": "Given User API",
          "fullFile": "",
          "file": "",
          "beforeHooks": [],
          "afterHooks": [],
          "tests": [],
          "suites": [
            {
              "uuid": "6f86d6e2-796f-486a-be26-306b7559a71f",
              "title": "When I already have an user and want to update it all",
              "fullFile": "",
              "file": "",
              "beforeHooks": [],
              "afterHooks": [],
              "tests": [
                {
                  "title": "Then it must have to return me 200 and the updated user s information with the same ID i sent de request.",
                  "fullTitle": "Given User API When I already have an user and want to update it all Then it must have to return me 200 and the updated user s information with the same ID i sent de request.",
                  "timedOut": null,
                  "duration": 1618,
                  "state": "passed",
                  "speed": "fast",
                  "pass": true,
                  "fail": false,
                  "pending": false,
                  "context": null,
                  "code": "cy.request({\n  method: 'patch',\n  url: 'https://gorest.co.in/public/v1/users/' + userToBeUpdated.id,\n  headers: {\n    'Authorization': 'Bearer ' + Cypress.env('accessToken'),\n    'Accept': 'application/json',\n    'Content-Type': 'application/json'\n  },\n  body: newUser.AllUser\n}).then(response => {\n  cy.log(JSON.stringify(response.body));\n  expect(response.status).to.eq(200);\n  expect(response.body.data.id).to.eq(userToBeUpdated.id);\n  expect(response.body.data.name).to.eq(newUser.AllUser.name);\n  expect(response.body.data.gender).to.eq(newUser.AllUser.gender);\n  expect(response.body.data.email).to.eq(newUser.AllUser.email);\n  expect(response.body.data.status).to.eq(newUser.AllUser.status);\n  var user = response.body.data;\n  cy.savingPostUser(userToBeUpdated.id, user.name, user.email, user.gender, user.status, 'update');\n});",
                  "err": {},
                  "uuid": "3c03c48b-1259-46a0-ae94-2e9b4d21e52b",
                  "parentUUID": "6f86d6e2-796f-486a-be26-306b7559a71f",
                  "isHook": false,
                  "skipped": false
                }
              ],
              "suites": [],
              "passes": [
                "3c03c48b-1259-46a0-ae94-2e9b4d21e52b"
              ],
              "failures": [],
              "pending": [],
              "skipped": [],
              "duration": 1618,
              "root": false,
              "rootEmpty": false,
              "_timeout": 2000
            },
            {
              "uuid": "b3cc73a4-0953-4141-8b96-83d9251f0761",
              "title": "When i want to change only one thing from user",
              "fullFile": "",
              "file": "",
              "beforeHooks": [],
              "afterHooks": [],
              "tests": [
                {
                  "title": "Then it should return the user with only one change - Name",
                  "fullTitle": "Given User API When i want to change only one thing from user Then it should return the user with only one change - Name",
                  "timedOut": null,
                  "duration": 395,
                  "state": "passed",
                  "speed": "fast",
                  "pass": true,
                  "fail": false,
                  "pending": false,
                  "context": null,
                  "code": "cy.request({\n  method: 'patch',\n  url: 'https://gorest.co.in/public/v1/users/' + userToBeUpdated.id,\n  headers: {\n    'Authorization': 'Bearer ' + Cypress.env('accessToken'),\n    'Accept': 'application/json',\n    'Content-Type': 'application/json'\n  },\n  body: newUser.name\n}).then(response => {\n  cy.log(JSON.stringify(response.body));\n  expect(response.status).to.eq(200);\n  expect(response.body.data.id).to.eq(userToBeUpdated.id);\n  expect(response.body.data.name).to.eq(newUser.name.name);\n  expect(response.body.data.gender).to.eq(userToBeUpdated.gender);\n  expect(response.body.data.email).to.eq(userToBeUpdated.email);\n  expect(response.body.data.status).to.eq(userToBeUpdated.status);\n  var user = response.body.data;\n  cy.savingPostUser(userToBeUpdated.id, user.name, user.email, user.gender, user.status, 'update');\n});",
                  "err": {},
                  "uuid": "7eef6904-d7e2-4e91-967b-d43662b4e9ba",
                  "parentUUID": "b3cc73a4-0953-4141-8b96-83d9251f0761",
                  "isHook": false,
                  "skipped": false
                },
                {
                  "title": "Then it should return the user with only one change - Gender",
                  "fullTitle": "Given User API When i want to change only one thing from user Then it should return the user with only one change - Gender",
                  "timedOut": null,
                  "duration": 385,
                  "state": "passed",
                  "speed": "fast",
                  "pass": true,
                  "fail": false,
                  "pending": false,
                  "context": null,
                  "code": "cy.request({\n  method: 'patch',\n  url: 'https://gorest.co.in/public/v1/users/' + userToBeUpdated.id,\n  headers: {\n    'Authorization': 'Bearer ' + Cypress.env('accessToken'),\n    'Accept': 'application/json',\n    'Content-Type': 'application/json'\n  },\n  body: newUser.gender\n}).then(response => {\n  cy.log(JSON.stringify(response.body));\n  expect(response.status).to.eq(200);\n  expect(response.body.data.id).to.eq(userToBeUpdated.id);\n  expect(response.body.data.name).to.eq(userToBeUpdated.name);\n  expect(response.body.data.gender).to.eq(newUser.gender.gender);\n  expect(response.body.data.email).to.eq(userToBeUpdated.email);\n  expect(response.body.data.status).to.eq(userToBeUpdated.status);\n  var user = response.body.data;\n  cy.savingPostUser(userToBeUpdated.id, user.name, user.email, user.gender, user.status, 'update');\n});",
                  "err": {},
                  "uuid": "90211b3d-32ff-41de-8ead-10093cfba600",
                  "parentUUID": "b3cc73a4-0953-4141-8b96-83d9251f0761",
                  "isHook": false,
                  "skipped": false
                },
                {
                  "title": "Then it should return the user with only one change - Email",
                  "fullTitle": "Given User API When i want to change only one thing from user Then it should return the user with only one change - Email",
                  "timedOut": null,
                  "duration": 389,
                  "state": "passed",
                  "speed": "fast",
                  "pass": true,
                  "fail": false,
                  "pending": false,
                  "context": null,
                  "code": "cy.request({\n  method: 'patch',\n  url: 'https://gorest.co.in/public/v1/users/' + userToBeUpdated.id,\n  headers: {\n    'Authorization': 'Bearer ' + Cypress.env('accessToken'),\n    'Accept': 'application/json',\n    'Content-Type': 'application/json'\n  },\n  body: newUser.email\n}).then(response => {\n  cy.log(JSON.stringify(response.body));\n  expect(response.status).to.eq(200);\n  expect(response.body.data.id).to.eq(userToBeUpdated.id);\n  expect(response.body.data.name).to.eq(userToBeUpdated.name);\n  expect(response.body.data.gender).to.eq(userToBeUpdated.gender);\n  expect(response.body.data.email).to.eq(newUser.email.email);\n  expect(response.body.data.status).to.eq(userToBeUpdated.status);\n  var user = response.body.data;\n  cy.savingPostUser(userToBeUpdated.id, user.name, user.email, user.gender, user.status, 'update');\n});",
                  "err": {},
                  "uuid": "87b46250-2806-4465-9c10-14b1735fe148",
                  "parentUUID": "b3cc73a4-0953-4141-8b96-83d9251f0761",
                  "isHook": false,
                  "skipped": false
                },
                {
                  "title": "Then it should return the user with only one change - Status",
                  "fullTitle": "Given User API When i want to change only one thing from user Then it should return the user with only one change - Status",
                  "timedOut": null,
                  "duration": 384,
                  "state": "passed",
                  "speed": "fast",
                  "pass": true,
                  "fail": false,
                  "pending": false,
                  "context": null,
                  "code": "cy.request({\n  method: 'patch',\n  url: 'https://gorest.co.in/public/v1/users/' + userToBeUpdated.id,\n  headers: {\n    'Authorization': 'Bearer ' + Cypress.env('accessToken'),\n    'Accept': 'application/json',\n    'Content-Type': 'application/json'\n  },\n  body: newUser.status\n}).then(response => {\n  cy.log(JSON.stringify(response.body));\n  expect(response.status).to.eq(200);\n  expect(response.body.data.id).to.eq(userToBeUpdated.id);\n  expect(response.body.data.name).to.eq(userToBeUpdated.name);\n  expect(response.body.data.gender).to.eq(userToBeUpdated.gender);\n  expect(response.body.data.email).to.eq(userToBeUpdated.email);\n  expect(response.body.data.status).to.eq(newUser.status.status);\n  var user = response.body.data;\n  cy.savingPostUser(userToBeUpdated.id, user.name, user.email, user.gender, user.status, 'update');\n});",
                  "err": {},
                  "uuid": "182e1cdb-6574-4fc6-bfd8-2fd5a1b007ab",
                  "parentUUID": "b3cc73a4-0953-4141-8b96-83d9251f0761",
                  "isHook": false,
                  "skipped": false
                }
              ],
              "suites": [],
              "passes": [
                "7eef6904-d7e2-4e91-967b-d43662b4e9ba",
                "90211b3d-32ff-41de-8ead-10093cfba600",
                "87b46250-2806-4465-9c10-14b1735fe148",
                "182e1cdb-6574-4fc6-bfd8-2fd5a1b007ab"
              ],
              "failures": [],
              "pending": [],
              "skipped": [],
              "duration": 1553,
              "root": false,
              "rootEmpty": false,
              "_timeout": 2000
            },
            {
              "uuid": "e81d77dd-2b55-4089-9e47-506bbe0a7c33",
              "title": "When i send only null values",
              "fullFile": "",
              "file": "",
              "beforeHooks": [],
              "afterHooks": [],
              "tests": [
                {
                  "title": "Then it should return me an error informing that all fields i sent could not me null",
                  "fullTitle": "Given User API When i send only null values Then it should return me an error informing that all fields i sent could not me null",
                  "timedOut": null,
                  "duration": 400,
                  "state": "passed",
                  "speed": "fast",
                  "pass": true,
                  "fail": false,
                  "pending": false,
                  "context": null,
                  "code": "cy.request({\n  method: 'patch',\n  url: 'https://gorest.co.in/public/v1/users/' + userToBeUpdated.id,\n  headers: {\n    'Authorization': 'Bearer ' + Cypress.env('accessToken'),\n    'Accept': 'application/json',\n    'Content-Type': 'application/json'\n  },\n  body: newUser.nullValues,\n  failOnStatusCode: false\n}).then(response => {\n  cy.log(JSON.stringify(response.body));\n  expect(response.status).be.eq(422);\n  expect(response.body.data[0].message).be.eq(\"can't be blank\");\n  expect(response.body.data[0].field).be.eq(\"email\");\n  expect(response.body.data[1].message).be.eq(\"can't be blank\");\n  expect(response.body.data[1].field).be.eq(\"name\");\n  expect(response.body.data[2].message).be.eq(\"can't be blank\");\n  expect(response.body.data[2].field).be.eq(\"gender\");\n  expect(response.body.data[3].message).be.eq(\"can't be blank\");\n  expect(response.body.data[3].field).be.eq(\"status\");\n});",
                  "err": {},
                  "uuid": "2918c9a6-ccc7-4991-ba49-80de166efa69",
                  "parentUUID": "e81d77dd-2b55-4089-9e47-506bbe0a7c33",
                  "isHook": false,
                  "skipped": false
                }
              ],
              "suites": [],
              "passes": [
                "2918c9a6-ccc7-4991-ba49-80de166efa69"
              ],
              "failures": [],
              "pending": [],
              "skipped": [],
              "duration": 400,
              "root": false,
              "rootEmpty": false,
              "_timeout": 2000
            },
            {
              "uuid": "820e145b-2085-41ba-a7c5-ead3628ad94c",
              "title": "When i sent null values in each field",
              "fullFile": "",
              "file": "",
              "beforeHooks": [],
              "afterHooks": [],
              "tests": [
                {
                  "title": "Then it shoud return me an error where shows that the field i sent could not be null - Name",
                  "fullTitle": "Given User API When i sent null values in each field Then it shoud return me an error where shows that the field i sent could not be null - Name",
                  "timedOut": null,
                  "duration": 383,
                  "state": "passed",
                  "speed": "fast",
                  "pass": true,
                  "fail": false,
                  "pending": false,
                  "context": null,
                  "code": "cy.request({\n  method: 'patch',\n  url: 'https://gorest.co.in/public/v1/users/' + userToBeUpdated.id,\n  headers: {\n    'Authorization': 'Bearer ' + Cypress.env('accessToken'),\n    'Accept': 'application/json',\n    'Content-Type': 'application/json'\n  },\n  body: newUser.nullName,\n  failOnStatusCode: false\n}).then(response => {\n  cy.log(JSON.stringify(response.body));\n  expect(response.status).be.eq(422);\n  expect(response.body.data[0].message).be.eq(\"can't be blank\");\n  expect(response.body.data[0].field).be.eq(\"name\");\n});",
                  "err": {},
                  "uuid": "4f9b34ae-16cf-4b1a-ae2a-406bd93ba33c",
                  "parentUUID": "820e145b-2085-41ba-a7c5-ead3628ad94c",
                  "isHook": false,
                  "skipped": false
                },
                {
                  "title": "Then it shoud return me an error where shows that the field i sent could not be null - Email",
                  "fullTitle": "Given User API When i sent null values in each field Then it shoud return me an error where shows that the field i sent could not be null - Email",
                  "timedOut": null,
                  "duration": 384,
                  "state": "passed",
                  "speed": "fast",
                  "pass": true,
                  "fail": false,
                  "pending": false,
                  "context": null,
                  "code": "cy.request({\n  method: 'patch',\n  url: 'https://gorest.co.in/public/v1/users/' + userToBeUpdated.id,\n  headers: {\n    'Authorization': 'Bearer ' + Cypress.env('accessToken'),\n    'Accept': 'application/json',\n    'Content-Type': 'application/json'\n  },\n  body: newUser.nullEmail,\n  failOnStatusCode: false\n}).then(response => {\n  cy.log(JSON.stringify(response.body));\n  expect(response.status).be.eq(422);\n  expect(response.body.data[0].message).be.eq(\"can't be blank\");\n  expect(response.body.data[0].field).be.eq(\"email\");\n});",
                  "err": {},
                  "uuid": "b20b0f3b-836e-4fea-aecf-1fb6aea4111b",
                  "parentUUID": "820e145b-2085-41ba-a7c5-ead3628ad94c",
                  "isHook": false,
                  "skipped": false
                },
                {
                  "title": "Then it shoud return me an error where shows that the field i sent could not be null - Gender",
                  "fullTitle": "Given User API When i sent null values in each field Then it shoud return me an error where shows that the field i sent could not be null - Gender",
                  "timedOut": null,
                  "duration": 379,
                  "state": "passed",
                  "speed": "fast",
                  "pass": true,
                  "fail": false,
                  "pending": false,
                  "context": null,
                  "code": "cy.request({\n  method: 'patch',\n  url: 'https://gorest.co.in/public/v1/users/' + userToBeUpdated.id,\n  headers: {\n    'Authorization': 'Bearer ' + Cypress.env('accessToken'),\n    'Accept': 'application/json',\n    'Content-Type': 'application/json'\n  },\n  body: newUser.nullGender,\n  failOnStatusCode: false\n}).then(response => {\n  cy.log(JSON.stringify(response.body));\n  expect(response.status).be.eq(422);\n  expect(response.body.data[0].message).be.eq(\"can't be blank\");\n  expect(response.body.data[0].field).be.eq(\"gender\");\n});",
                  "err": {},
                  "uuid": "06f758db-00d6-4d8a-9fe8-7c365dbc9e2d",
                  "parentUUID": "820e145b-2085-41ba-a7c5-ead3628ad94c",
                  "isHook": false,
                  "skipped": false
                },
                {
                  "title": "Then it shoud return me an error where shows that the field i sent could not be null - Gender",
                  "fullTitle": "Given User API When i sent null values in each field Then it shoud return me an error where shows that the field i sent could not be null - Gender",
                  "timedOut": null,
                  "duration": 376,
                  "state": "passed",
                  "speed": "fast",
                  "pass": true,
                  "fail": false,
                  "pending": false,
                  "context": null,
                  "code": "cy.request({\n  method: 'patch',\n  url: 'https://gorest.co.in/public/v1/users/' + userToBeUpdated.id,\n  headers: {\n    'Authorization': 'Bearer ' + Cypress.env('accessToken'),\n    'Accept': 'application/json',\n    'Content-Type': 'application/json'\n  },\n  body: newUser.nullStatus,\n  failOnStatusCode: false\n}).then(response => {\n  cy.log(JSON.stringify(response.body));\n  expect(response.status).be.eq(422);\n  expect(response.body.data[0].message).be.eq(\"can't be blank\");\n  expect(response.body.data[0].field).be.eq(\"status\");\n});",
                  "err": {},
                  "uuid": "99055e4f-b069-4d4a-af2c-dd2419d6581c",
                  "parentUUID": "820e145b-2085-41ba-a7c5-ead3628ad94c",
                  "isHook": false,
                  "skipped": false
                }
              ],
              "suites": [],
              "passes": [
                "4f9b34ae-16cf-4b1a-ae2a-406bd93ba33c",
                "b20b0f3b-836e-4fea-aecf-1fb6aea4111b",
                "06f758db-00d6-4d8a-9fe8-7c365dbc9e2d",
                "99055e4f-b069-4d4a-af2c-dd2419d6581c"
              ],
              "failures": [],
              "pending": [],
              "skipped": [],
              "duration": 1522,
              "root": false,
              "rootEmpty": false,
              "_timeout": 2000
            }
          ],
          "passes": [],
          "failures": [],
          "pending": [],
          "skipped": [],
          "duration": 0,
          "root": false,
          "rootEmpty": false,
          "_timeout": 2000
        }
      ],
      "passes": [],
      "failures": [],
      "pending": [],
      "skipped": [],
      "duration": 0,
      "root": true,
      "rootEmpty": true,
      "_timeout": 2000
    }
  ],
  "meta": {
    "mocha": {
      "version": "7.0.1"
    },
    "mochawesome": {
      "options": {
        "quiet": false,
        "reportFilename": "mochawesome",
        "saveHtml": false,
        "saveJson": true,
        "consoleReporter": "spec",
        "useInlineDiffs": false,
        "code": true
      },
      "version": "7.0.1"
    },
    "marge": {
      "options": {
        "charts": true,
        "overwrite": false,
        "html": false,
        "json": true,
        "reportDir": "cypress/report/mochawesome-report"
      },
      "version": "6.0.1"
    }
  }
}