{
  "stats": {
    "suites": 4,
    "tests": 3,
    "passes": 3,
    "pending": 0,
    "failures": 0,
    "start": "2022-01-05T02:46:43.722Z",
    "end": "2022-01-05T02:46:46.237Z",
    "duration": 2515,
    "testsRegistered": 3,
    "passPercent": 100,
    "pendingPercent": 0,
    "other": 0,
    "hasOther": false,
    "skipped": 0,
    "hasSkipped": false
  },
  "results": [
    {
      "uuid": "9a31fafa-c3c2-4008-a6cb-ef65daba8532",
      "title": "",
      "fullFile": "cypress/integration/Users/GETusers.js",
      "file": "cypress/integration/Users/GETusers.js",
      "beforeHooks": [],
      "afterHooks": [],
      "tests": [],
      "suites": [
        {
          "uuid": "d4c983d0-b4ff-4d88-a9bb-6ce159354d38",
          "title": "Given the Users api",
          "fullFile": "",
          "file": "",
          "beforeHooks": [],
          "afterHooks": [],
          "tests": [],
          "suites": [
            {
              "uuid": "f3c5b697-911e-4980-9e19-8e757c7a154d",
              "title": "When I Send Get /users",
              "fullFile": "",
              "file": "",
              "beforeHooks": [],
              "afterHooks": [],
              "tests": [
                {
                  "title": "Then it should return a list with 20 registered users",
                  "fullTitle": "Given the Users api When I Send Get /users Then it should return a list with 20 registered users",
                  "timedOut": null,
                  "duration": 1719,
                  "state": "passed",
                  "speed": "fast",
                  "pass": true,
                  "fail": false,
                  "pending": false,
                  "context": null,
                  "code": "cy.request({\n  method: 'GET',\n  url: 'https://gorest.co.in/public/v1/users/',\n  headers: {\n    'Accept': 'application/json',\n    'Content-Type': 'application/json'\n  }\n}).then(res => {\n  cy.log(JSON.stringify(res.body));\n  expect(res.status).to.eq(200);\n  expect(res.body.meta.pagination.limit).to.eq(res.body.data.length);\n  Cypress._.each(res.body.data, users => {\n    expect(users).to.have.all.keys('id', 'name', 'email', 'gender', 'status');\n    expect(users.id).to.be.a('number').and.not.be.null;\n    expect(users.email).to.not.be.null;\n    expect(users.gender).to.not.be.null;\n    expect(users.status).to.not.be.null;\n  });\n  var usuario = res.body.data[0];\n  cy.savingGetUser(usuario.id, usuario.name, usuario.email, usuario.gender, usuario.status); //expect(res.body.data[0].email).to.not.be.null;\n});",
                  "err": {},
                  "uuid": "96996f7b-ffe2-4b71-ada6-9f94804c235d",
                  "parentUUID": "f3c5b697-911e-4980-9e19-8e757c7a154d",
                  "isHook": false,
                  "skipped": false
                }
              ],
              "suites": [],
              "passes": [
                "96996f7b-ffe2-4b71-ada6-9f94804c235d"
              ],
              "failures": [],
              "pending": [],
              "skipped": [],
              "duration": 1719,
              "root": false,
              "rootEmpty": false,
              "_timeout": 2000
            },
            {
              "uuid": "bfbb0518-ef91-4794-a83f-689df7bf5ce2",
              "title": "When i send GET /users passing user id as an URL param",
              "fullFile": "",
              "file": "",
              "beforeHooks": [],
              "afterHooks": [],
              "tests": [
                {
                  "title": "Then it should return only the filtered user",
                  "fullTitle": "Given the Users api When i send GET /users passing user id as an URL param Then it should return only the filtered user",
                  "timedOut": null,
                  "duration": 365,
                  "state": "passed",
                  "speed": "fast",
                  "pass": true,
                  "fail": false,
                  "pending": false,
                  "context": null,
                  "code": "let user = {};\ncy.readFile('cypress/fixtures/GetUser/randomUserFromGET.json').then(User => {\n  user = User;\n  cy.request({\n    method: 'GET',\n    url: 'https://gorest.co.in/public/v1/users/' + user.id,\n    headers: {\n      'Accept': 'application/json',\n      'Content-Type': 'application/json'\n    }\n  }).then(res => {\n    expect(res.status).to.eq(200);\n    cy.log(JSON.stringify(res.body));\n    expect(res.body.data).to.have.all.keys('id', 'name', 'email', 'gender', 'status');\n    expect(res.body.data).has.property('id', user.id);\n    expect(res.body.data).has.property('name', user.name);\n    expect(res.body.data).has.property('gender', user.gender);\n    expect(res.body.data).has.property('email', user.email);\n    expect(res.body.data).has.property('status', user.status);\n  });\n});",
                  "err": {},
                  "uuid": "539fa5be-ab24-4974-85cd-a46868ac3c76",
                  "parentUUID": "bfbb0518-ef91-4794-a83f-689df7bf5ce2",
                  "isHook": false,
                  "skipped": false
                }
              ],
              "suites": [],
              "passes": [
                "539fa5be-ab24-4974-85cd-a46868ac3c76"
              ],
              "failures": [],
              "pending": [],
              "skipped": [],
              "duration": 365,
              "root": false,
              "rootEmpty": false,
              "_timeout": 2000
            },
            {
              "uuid": "8f8ee023-b9b9-4edf-8b54-977c06cba863",
              "title": "When i send GET /user passing an userid that doesnt exists as an URL Param",
              "fullFile": "",
              "file": "",
              "beforeHooks": [],
              "afterHooks": [],
              "tests": [
                {
                  "title": "Then it should return an message informing that the user was not found",
                  "fullTitle": "Given the Users api When i send GET /user passing an userid that doesnt exists as an URL Param Then it should return an message informing that the user was not found",
                  "timedOut": null,
                  "duration": 337,
                  "state": "passed",
                  "speed": "fast",
                  "pass": true,
                  "fail": false,
                  "pending": false,
                  "context": null,
                  "code": "cy.request({\n  method: 'get',\n  url: 'https://gorest.co.in/public/v1/users/0000',\n  headers: {\n    'Accept': 'application/json',\n    'Content-Type': 'application/json'\n  },\n  failOnStatusCode: false\n}).then(res => {\n  expect(res.status).to.eq(404);\n  cy.log(JSON.stringify(res.body));\n  expect(res.body.data.message).to.eq('Resource not found');\n});",
                  "err": {},
                  "uuid": "3cea219d-1260-4d3d-85f3-49e76e5101f1",
                  "parentUUID": "8f8ee023-b9b9-4edf-8b54-977c06cba863",
                  "isHook": false,
                  "skipped": false
                }
              ],
              "suites": [],
              "passes": [
                "3cea219d-1260-4d3d-85f3-49e76e5101f1"
              ],
              "failures": [],
              "pending": [],
              "skipped": [],
              "duration": 337,
              "root": false,
              "rootEmpty": false,
              "_timeout": 2000
            }
          ],
          "passes": [],
          "failures": [],
          "pending": [],
          "skipped": [],
          "duration": 0,
          "root": false,
          "rootEmpty": false,
          "_timeout": 2000
        }
      ],
      "passes": [],
      "failures": [],
      "pending": [],
      "skipped": [],
      "duration": 0,
      "root": true,
      "rootEmpty": true,
      "_timeout": 2000
    }
  ],
  "meta": {
    "mocha": {
      "version": "7.0.1"
    },
    "mochawesome": {
      "options": {
        "quiet": false,
        "reportFilename": "mochawesome",
        "saveHtml": false,
        "saveJson": true,
        "consoleReporter": "spec",
        "useInlineDiffs": false,
        "code": true
      },
      "version": "7.0.1"
    },
    "marge": {
      "options": {
        "charts": true,
        "overwrite": false,
        "html": false,
        "json": true,
        "reportDir": "cypress/report/mochawesome-report"
      },
      "version": "6.0.1"
    }
  }
}