{
  "stats": {
    "suites": 5,
    "tests": 7,
    "passes": 7,
    "pending": 0,
    "failures": 0,
    "start": "2022-01-06T02:02:22.182Z",
    "end": "2022-01-06T02:02:26.536Z",
    "duration": 4354,
    "testsRegistered": 7,
    "passPercent": 100,
    "pendingPercent": 0,
    "other": 0,
    "hasOther": false,
    "skipped": 0,
    "hasSkipped": false
  },
  "results": [
    {
      "uuid": "a551b02b-1d4b-419b-9ae8-9f1be567ffb0",
      "title": "",
      "fullFile": "cypress/integration/Users/POSTusers.js",
      "file": "cypress/integration/Users/POSTusers.js",
      "beforeHooks": [],
      "afterHooks": [],
      "tests": [],
      "suites": [
        {
          "uuid": "3a1d959e-cd3b-48fd-bbde-de8af362dc79",
          "title": "Given the User API",
          "fullFile": "",
          "file": "",
          "beforeHooks": [],
          "afterHooks": [],
          "tests": [],
          "suites": [
            {
              "uuid": "c25f6b9c-1ff1-4139-bbcf-9de30e7ada71",
              "title": "When I send POST /User with all fields ",
              "fullFile": "",
              "file": "",
              "beforeHooks": [],
              "afterHooks": [],
              "tests": [
                {
                  "title": "Then it should create a new user",
                  "fullTitle": "Given the User API When I send POST /User with all fields  Then it should create a new user",
                  "timedOut": null,
                  "duration": 1289,
                  "state": "passed",
                  "speed": "fast",
                  "pass": true,
                  "fail": false,
                  "pending": false,
                  "context": null,
                  "code": "cy.request({\n  method: 'post',\n  url: 'https://gorest.co.in/public/v1/users',\n  headers: {\n    'Authorization': 'Bearer ' + Cypress.env('accessToken'),\n    'Accept': 'application/json',\n    'Content-Type': 'application/json'\n  },\n  body: user.AllUser\n}).then(response => {\n  cy.log(JSON.stringify(response.body));\n  expect(response.status).to.eq(201);\n  expect(response.body.data).has.property('name', user.AllUser.name);\n  expect(response.body.data).has.property('gender', user.AllUser.gender);\n  expect(response.body.data).has.property('email', user.AllUser.email);\n  expect(response.body.data).has.property('status', user.AllUser.status);\n  userId = response.body.data.id;\n});",
                  "err": {},
                  "uuid": "05c989c3-5264-4efa-ba5a-684e522330af",
                  "parentUUID": "c25f6b9c-1ff1-4139-bbcf-9de30e7ada71",
                  "isHook": false,
                  "skipped": false
                }
              ],
              "suites": [],
              "passes": [
                "05c989c3-5264-4efa-ba5a-684e522330af"
              ],
              "failures": [],
              "pending": [],
              "skipped": [],
              "duration": 1289,
              "root": false,
              "rootEmpty": false,
              "_timeout": 2000
            },
            {
              "uuid": "4fc65caf-59ea-47d6-a801-b83bdde82093",
              "title": "When I send POST /User sending only one field ",
              "fullFile": "",
              "file": "",
              "beforeHooks": [],
              "afterHooks": [],
              "tests": [
                {
                  "title": "(Name) - Then it should return a message informing that EMAIL, GENDER AND STATUS cannot be blank",
                  "fullTitle": "Given the User API When I send POST /User sending only one field  (Name) - Then it should return a message informing that EMAIL, GENDER AND STATUS cannot be blank",
                  "timedOut": null,
                  "duration": 505,
                  "state": "passed",
                  "speed": "fast",
                  "pass": true,
                  "fail": false,
                  "pending": false,
                  "context": null,
                  "code": "cy.request({\n  method: 'post',\n  url: 'https://gorest.co.in/public/v1/users',\n  headers: {\n    'Authorization': 'Bearer ' + Cypress.env('accessToken'),\n    'Accept': 'application/json',\n    'Content-Type': 'application/json'\n  },\n  body: user.name,\n  failOnStatusCode: false\n}).then(response => {\n  cy.log(JSON.stringify(response.body));\n  expect(response.status).be.eq(422);\n  expect(response.body.data[0].message).be.eq(\"can't be blank\");\n  expect(response.body.data[0].field).be.eq(\"email\");\n  expect(response.body.data[1].message).be.eq(\"can't be blank\");\n  expect(response.body.data[1].field).be.eq(\"gender\");\n  expect(response.body.data[2].message).be.eq(\"can't be blank\");\n  expect(response.body.data[2].field).be.eq(\"status\"); //userId = res.body.data.id;\n});",
                  "err": {},
                  "uuid": "ac1e4ff6-7eb8-4a8e-a1fb-b54974c3cdf9",
                  "parentUUID": "4fc65caf-59ea-47d6-a801-b83bdde82093",
                  "isHook": false,
                  "skipped": false
                },
                {
                  "title": "(Email) - Then it should return a message informing that NAME, GENDER AND STATUS cannot be blank",
                  "fullTitle": "Given the User API When I send POST /User sending only one field  (Email) - Then it should return a message informing that NAME, GENDER AND STATUS cannot be blank",
                  "timedOut": null,
                  "duration": 409,
                  "state": "passed",
                  "speed": "fast",
                  "pass": true,
                  "fail": false,
                  "pending": false,
                  "context": null,
                  "code": "cy.request({\n  method: 'post',\n  url: 'https://gorest.co.in/public/v1/users',\n  headers: {\n    'Authorization': 'Bearer ' + Cypress.env('accessToken'),\n    'Accept': 'application/json',\n    'Content-Type': 'application/json'\n  },\n  body: user.email,\n  failOnStatusCode: false\n}).then(response => {\n  cy.log(JSON.stringify(response.body));\n  expect(response.status).be.eq(422);\n  expect(response.body.data[0].message).be.eq(\"can't be blank\");\n  expect(response.body.data[0].field).be.eq(\"name\");\n  expect(response.body.data[1].message).be.eq(\"can't be blank\");\n  expect(response.body.data[1].field).be.eq(\"gender\");\n  expect(response.body.data[2].message).be.eq(\"can't be blank\");\n  expect(response.body.data[2].field).be.eq(\"status\"); //userId = res.body.data.id;\n});",
                  "err": {},
                  "uuid": "7abe69c3-1521-43a1-a499-c55cc9fcc2f1",
                  "parentUUID": "4fc65caf-59ea-47d6-a801-b83bdde82093",
                  "isHook": false,
                  "skipped": false
                },
                {
                  "title": "(Gender) - Then it should return a message informing that NAME, EMAIL AND STATUS cannot be blank",
                  "fullTitle": "Given the User API When I send POST /User sending only one field  (Gender) - Then it should return a message informing that NAME, EMAIL AND STATUS cannot be blank",
                  "timedOut": null,
                  "duration": 407,
                  "state": "passed",
                  "speed": "fast",
                  "pass": true,
                  "fail": false,
                  "pending": false,
                  "context": null,
                  "code": "cy.request({\n  method: 'post',\n  url: 'https://gorest.co.in/public/v1/users',\n  headers: {\n    'Authorization': 'Bearer ' + Cypress.env('accessToken'),\n    'Accept': 'application/json',\n    'Content-Type': 'application/json'\n  },\n  body: user.gender,\n  failOnStatusCode: false\n}).then(response => {\n  cy.log(JSON.stringify(response.body));\n  expect(response.status).be.eq(422);\n  expect(response.body.data[0].message).be.eq(\"can't be blank\");\n  expect(response.body.data[0].field).be.eq(\"email\");\n  expect(response.body.data[1].message).be.eq(\"can't be blank\");\n  expect(response.body.data[1].field).be.eq(\"name\");\n  expect(response.body.data[2].message).be.eq(\"can't be blank\");\n  expect(response.body.data[2].field).be.eq(\"status\"); //userId = res.body.data.id;\n});",
                  "err": {},
                  "uuid": "429a1e33-e059-4ccd-b5d0-79ae9eb7cfdc",
                  "parentUUID": "4fc65caf-59ea-47d6-a801-b83bdde82093",
                  "isHook": false,
                  "skipped": false
                },
                {
                  "title": "(Status) - Then it should return a message informing that NAME, EMAIL AND STATUS cannot be blank",
                  "fullTitle": "Given the User API When I send POST /User sending only one field  (Status) - Then it should return a message informing that NAME, EMAIL AND STATUS cannot be blank",
                  "timedOut": null,
                  "duration": 393,
                  "state": "passed",
                  "speed": "fast",
                  "pass": true,
                  "fail": false,
                  "pending": false,
                  "context": null,
                  "code": "cy.request({\n  method: 'post',\n  url: 'https://gorest.co.in/public/v1/users',\n  headers: {\n    'Authorization': 'Bearer ' + Cypress.env('accessToken'),\n    'Accept': 'application/json',\n    'Content-Type': 'application/json'\n  },\n  body: user.status,\n  failOnStatusCode: false\n}).then(response => {\n  cy.log(JSON.stringify(response.body));\n  expect(response.status).be.eq(422);\n  expect(response.body.data[0].message).be.eq(\"can't be blank\");\n  expect(response.body.data[0].field).be.eq(\"email\");\n  expect(response.body.data[1].message).be.eq(\"can't be blank\");\n  expect(response.body.data[1].field).be.eq(\"name\");\n  expect(response.body.data[2].message).be.eq(\"can't be blank\");\n  expect(response.body.data[2].field).be.eq(\"gender\"); //userId = res.body.data.id;\n});",
                  "err": {},
                  "uuid": "b4295884-7a3e-4b69-b77d-f3f06ba54dc6",
                  "parentUUID": "4fc65caf-59ea-47d6-a801-b83bdde82093",
                  "isHook": false,
                  "skipped": false
                }
              ],
              "suites": [],
              "passes": [
                "ac1e4ff6-7eb8-4a8e-a1fb-b54974c3cdf9",
                "7abe69c3-1521-43a1-a499-c55cc9fcc2f1",
                "429a1e33-e059-4ccd-b5d0-79ae9eb7cfdc",
                "b4295884-7a3e-4b69-b77d-f3f06ba54dc6"
              ],
              "failures": [],
              "pending": [],
              "skipped": [],
              "duration": 1714,
              "root": false,
              "rootEmpty": false,
              "_timeout": 2000
            },
            {
              "uuid": "84bfe917-ff26-472a-bb9f-c63e74940aec",
              "title": "When I send POST /User with null fields",
              "fullFile": "",
              "file": "",
              "beforeHooks": [],
              "afterHooks": [],
              "tests": [
                {
                  "title": "Then it should return me an error 422 informing that each field must be not null",
                  "fullTitle": "Given the User API When I send POST /User with null fields Then it should return me an error 422 informing that each field must be not null",
                  "timedOut": null,
                  "duration": 403,
                  "state": "passed",
                  "speed": "fast",
                  "pass": true,
                  "fail": false,
                  "pending": false,
                  "context": null,
                  "code": "cy.request({\n  method: 'post',\n  url: 'https://gorest.co.in/public/v1/users',\n  headers: {\n    'Authorization': 'Bearer ' + Cypress.env('accessToken'),\n    'Accept': 'application/json',\n    'Content-Type': 'application/json'\n  },\n  body: user.nullValues,\n  failOnStatusCode: false\n}).then(response => {\n  cy.log(JSON.stringify(response.body));\n  expect(response.status).be.eq(422);\n  expect(response.body.data[0].message).be.eq(\"can't be blank\");\n  expect(response.body.data[0].field).be.eq(\"email\");\n  expect(response.body.data[1].message).be.eq(\"can't be blank\");\n  expect(response.body.data[1].field).be.eq(\"name\");\n  expect(response.body.data[2].message).be.eq(\"can't be blank\");\n  expect(response.body.data[2].field).be.eq(\"gender\");\n  expect(response.body.data[3].message).be.eq(\"can't be blank\");\n  expect(response.body.data[3].field).be.eq(\"status\"); //userId = res.body.data.id;\n});",
                  "err": {},
                  "uuid": "161b5e0b-eda6-4f22-954b-91b8387af845",
                  "parentUUID": "84bfe917-ff26-472a-bb9f-c63e74940aec",
                  "isHook": false,
                  "skipped": false
                }
              ],
              "suites": [],
              "passes": [
                "161b5e0b-eda6-4f22-954b-91b8387af845"
              ],
              "failures": [],
              "pending": [],
              "skipped": [],
              "duration": 403,
              "root": false,
              "rootEmpty": false,
              "_timeout": 2000
            },
            {
              "uuid": "d194333a-9307-483d-9567-d5d0db091b05",
              "title": "When I send POST /User without accessToken",
              "fullFile": "",
              "file": "",
              "beforeHooks": [],
              "afterHooks": [],
              "tests": [
                {
                  "title": "Then it should return an auth error",
                  "fullTitle": "Given the User API When I send POST /User without accessToken Then it should return an auth error",
                  "timedOut": null,
                  "duration": 401,
                  "state": "passed",
                  "speed": "fast",
                  "pass": true,
                  "fail": false,
                  "pending": false,
                  "context": null,
                  "code": "cy.request({\n  method: 'post',\n  url: 'https://gorest.co.in/public/v1/users',\n  headers: {\n    'Authorization': 'Bearer ',\n    'Accept': 'application/json',\n    'Content-Type': 'application/json'\n  },\n  body: {},\n  //Preciso declarar isso para que não pare o teste caso dê erro\n  failOnStatusCode: false\n}).then(response => {\n  cy.log(JSON.stringify(response.body));\n  expect(response.status).to.eq(401);\n  expect(response.body.data.message).to.eq('Authentication failed');\n});",
                  "err": {},
                  "uuid": "68c62023-e42a-4b62-bbf1-ed1ce221ac76",
                  "parentUUID": "d194333a-9307-483d-9567-d5d0db091b05",
                  "isHook": false,
                  "skipped": false
                }
              ],
              "suites": [],
              "passes": [
                "68c62023-e42a-4b62-bbf1-ed1ce221ac76"
              ],
              "failures": [],
              "pending": [],
              "skipped": [],
              "duration": 401,
              "root": false,
              "rootEmpty": false,
              "_timeout": 2000
            }
          ],
          "passes": [],
          "failures": [],
          "pending": [],
          "skipped": [],
          "duration": 0,
          "root": false,
          "rootEmpty": false,
          "_timeout": 2000
        }
      ],
      "passes": [],
      "failures": [],
      "pending": [],
      "skipped": [],
      "duration": 0,
      "root": true,
      "rootEmpty": true,
      "_timeout": 2000
    }
  ],
  "meta": {
    "mocha": {
      "version": "7.0.1"
    },
    "mochawesome": {
      "options": {
        "quiet": false,
        "reportFilename": "mochawesome",
        "saveHtml": false,
        "saveJson": true,
        "consoleReporter": "spec",
        "useInlineDiffs": false,
        "code": true
      },
      "version": "7.0.1"
    },
    "marge": {
      "options": {
        "charts": true,
        "overwrite": false,
        "html": false,
        "json": true,
        "reportDir": "cypress/report/mochawesome-report"
      },
      "version": "6.0.1"
    }
  }
}